
ASEM-51 V1.3                                         Copyright (c) 2002 by W.W. Heinz                                         PAGE 1





       MCS-51 Family Macro Assembler   A S E M - 5 1   V 1.3
       =====================================================



	Source File:	led.asm
	Object File:	led.hex
	List File:	led.lst



 Line  I  Addr  Code            Source

    1:				; To mój pierwszy program do DSM
    2:
    3:		B	 97	TEST bit P1.7
    4:		B	 95	BUZZ bit P1.5
    5:		B	 96	SEG7 bit P1.6
    6:
    7:		N      0030	CSDS equ 30h ;wskaŸniki
    8:		N      0038	CSDB equ 38h ;segmenty
    9:
   10:		N      007A	ZEGAR equ 7Ah ;wskazanie zegara
   11:		N      0079	SS equ 79h ;sekundy
   12:		N      0078	MM equ 78h ;minuty
   13:		N      0077	GG equ 77h  ;godziny
   14:
   15:
   16:
   17:
   18:		N      0000	org 0
   19:	  0000	02 00 80		ljmp start
   20:
   21:
   22:		N      000B	org 0Bh			;procedura obs³ugi przerwania od TIMER0
   23:	  000B	75 8C E2		mov TH0, #226 ;dla trybu 0
   24:	  000E	D2 D5			setb F0 	;informujemy pêtlê g³ówn¹ o wyst¹pieniu przerwania
   25:	  0010	32			reti
   26:
   27:		N      0080	org 80h
   28:
   29:
   30:	  0080			start:
   31:	  0080	75 79 35		mov SS, #53
   32:	  0083	75 78 2F		mov MM, #47
   33:	  0086	75 77 15		mov GG, #21
   34:
   35:	  0089	12 00 EF		lcall przelicz
   36:
   37:
   38:
   39:				;	mov ZEGAR, #6   ;wstêpne ustawienie zegara
   40:				;	mov ZEGAR+1, #5
   41:				;	mov ZEGAR+2, #7
   42:				;	mov ZEGAR+3, #4
   43:				;	mov ZEGAR+4, #1

ASEM-51 V1.3                                         Copyright (c) 2002 by W.W. Heinz                                         PAGE 2



 Line  I  Addr  Code            Source

   44:				;	mov ZEGAR+5, #2
   45:
   46:
   47:	  008C	7F 01			mov R7, #00000001b  ;najm³odszy wyœwietlacz do R7
   48:	  008E	79 7A			mov R1, #ZEGAR   ;adres nam³odszej cyfry zegara do R1
   49:	  0090	90 01 11		mov DPTR, #wzory ; adres wzoru wyœwietlacza 7seg do DPTR
   50:
   51:	  0093	75 A8 00		mov IE, #0 	;wy³¹czam obs³ugê wszystkich przerwañ
   52:
   53:					;zliczanie 960 przerwan
   54:	  0096	7E 04			mov R6, #4
   55:	  0098	7D C0			mov R5, #192
   56:	  009A	75 89 70		mov TMOD, #01110000b   ;dla trybu 0
   57:	  009D	75 8C E2		mov TH0, #226      ;960 przerwañ na sekundê
   58:	  00A0	D2 8C			setb TR0	;zgoda na zliczenie przez liczniki TIMER0(musi byæ w³¹czona, aby licznik zli
				cza³)
   59:	  00A2	D2 A9			setb ET0	;zgoda na obs³ugê przerwania od TIMER0
   60:	  00A4	D2 AF			setb EA		;globalna zgoda na obs³ugê przerwañ (musi byæ w³¹czone, ¿eby poprzednia zgod
				a dzia³a³a)
   61:
   62:	  00A6			mLoop:
   63:	  00A6	30 D5 FD		jnb F0, mLoop	;czeja na wyst¹pienie przerwania
   64:	  00A9	C2 D5			clr F0          ;zapominamy o przerwaniu
   65:
   66:				; tutaj jestem 960 razy na sekundê
   67:
   68:	  00AB	78 38			mov R0, #CSDB   ;adres zatrzasku segmentów do R0
   69:	  00AD	E7			mov A, @R1      ;aktualna cyfra zegara do ACC
   70:	  00AE	09			inc R1          ;wybiera nastêpn¹ cyfrê zegara na potrzeby nastêpnego obrotu pêtli
   71:	  00AF	D2 96			setb SEG7       ;wy³¹cza wyœwietlacze ¿eby nie by³o duchów
   72:	  00B1	93			movc A, @A+DPTR ;pobiera wzorek z pamiêci ROM
   73:	  00B2	F2			movx @R0, A     ; wysy³a wzorek do zatrzasku segmentów
   74:
   75:	  00B3	78 30			mov R0, #CSDS   ;adres zatrzasku wyœwietlaczy do R0
   76:	  00B5	EF			mov A, R7       ;aktualny wyœwietlacz do R7
   77:
   78:	  00B6	F2			movx @R0, A      ;wysy³a aktualny wyœwietlacz do zatrzasku wyœwietlaczy
   79:	  00B7	C2 96			clr SEG7  	     ;
   80:	  00B9	23			rl A
   81:	  00BA	30 E7 04		jnb ACC.7, noACC7
   82:	  00BD	74 01			mov A, #00000001b
   83:	  00BF	79 7A			mov R1, #ZEGAR
   84:	  00C1			noACC7:
   85:
   86:	  00C1	FF			mov R7, A
   87:
   88:	  00C2	DD E2			djnz R5, mLoop
   89:	  00C4	DE E0			djnz R6, mLoop
   90:
   91:	  00C6	7E 04			mov R6, #4 ;zliczanie 960 przerwañ
   92:	  00C8	7D C0			mov R5, #192
   93:
   94:				; tutaj jestem raz na sekuncê
   95:	  00CA	05 79			inc SS
   96:	  00CC	E5 79			mov A, SS
   97:	  00CE	B4 3C 17		cjne A, #60, nie60

ASEM-51 V1.3                                         Copyright (c) 2002 by W.W. Heinz                                         PAGE 3



 Line  I  Addr  Code            Source

   98:	  00D1	75 79 00		mov SS, #0
   99:	  00D4	05 78			inc MM
  100:	  00D6	E5 78			mov A, MM
  101:	  00D8	B4 3C 0D		cjne A, #60, nie60
  102:	  00DB	75 78 00		mov MM, #0
  103:	  00DE	05 77			inc GG
  104:	  00E0	E5 77			mov A, GG
  105:	  00E2	B4 18 03		cjne A, #24, nie60
  106:	  00E5	75 77 00		mov GG, #0
  107:
  108:
  109:	  00E8			nie60:
  110:	  00E8	12 00 EF		lcall przelicz
  111:
  112:	  00EB	B2 97			cpl P1.7
  113:	  00ED	80 B7			sjmp mLoop
  114:
  115:	  00EF			przelicz:
  116:	  00EF	E5 79			mov A, SS   ;seksundy do ACC
  117:	  00F1	75 F0 0A		mov B, #10  ; dzielnik do B
  118:	  00F4	84			div AB      ; dzielenie ca³kowite
  119:	  00F5	85 F0 7A		mov ZEGAR, B  ;jednostki
  120:	  00F8	F5 7B			mov ZEGAR + 1, A  ;dziesi¹tki
  121:
  122:	  00FA	E5 78			mov A, MM
  123:	  00FC	75 F0 0A		mov B, #10
  124:	  00FF	84			div AB
  125:	  0100	85 F0 7C		mov ZEGAR + 2, B
  126:	  0103	F5 7D			mov ZEGAR + 3, A
  127:
  128:	  0105	E5 77			mov A, GG
  129:	  0107	75 F0 0A		mov B, #10
  130:	  010A	84			div AB
  131:	  010B	85 F0 7E		mov ZEGAR + 4, B
  132:	  010E	F5 7F			mov ZEGAR + 5, A
  133:	  0110	22			ret
  134:
  135:	  0111			wzory:
  136:	  0111	3F 06 5B 4F	db 00111111b, 00000110b, 01011011b, 01001111b
  137:	  0115	66 6D 7D 07	db 01100110b, 01101101b, 01111101b, 00000111b
  138:	  0119	7F 6F 77 7C	db 01111111b, 01101111b, 01110111b, 01111100b
  139:				end





                     register banks used:  ---

                     no errors




ASEM-51 V1.3                                         Copyright (c) 2002 by W.W. Heinz                                         PAGE 4





	       L I S T   O F   S Y M B O L S
	       =============================


SYMBOL				  TYPE     VALUE	LINE
------------------------------------------------------------
??ASEM_51			  NUMBER    8051
??VERSION			  NUMBER    0130
AC				  BIT	      D6
ACC				  DATA	      E0
B				  DATA	      F0
BUZZ				  BIT	      95	   4
CSDB				  NUMBER    0038	   8
CSDS				  NUMBER    0030	   7
CY				  BIT	      D7
DPH				  DATA	      83
DPL				  DATA	      82
EA				  BIT	      AF
ES				  BIT	      AC
ET0				  BIT	      A9
ET1				  BIT	      AB
EX0				  BIT	      A8
EX1				  BIT	      AA
EXTI0				  CODE	    0003
EXTI1				  CODE	    0013
F0				  BIT	      D5
GG				  NUMBER    0077	  13
IE				  DATA	      A8
IE0				  BIT	      89
IE1				  BIT	      8B
INT0				  BIT	      B2
INT1				  BIT	      B3
IP				  DATA	      B8
IT0				  BIT	      88
IT1				  BIT	      8A
MLOOP				  CODE	    00A6	  62
MM				  NUMBER    0078	  12
NIE60				  CODE	    00E8	 109
NOACC7				  CODE	    00C1	  84
OV				  BIT	      D2
P				  BIT	      D0
P0				  DATA	      80
P1				  DATA	      90
P2				  DATA	      A0
P3				  DATA	      B0
PCON				  DATA	      87
PRZELICZ			  CODE	    00EF	 115
PS				  BIT	      BC
PSW				  DATA	      D0
PT0				  BIT	      B9
PT1				  BIT	      BB
PX0				  BIT	      B8
PX1				  BIT	      BA
RB8				  BIT	      9A
RD				  BIT	      B7
REN				  BIT	      9C

ASEM-51 V1.3                                         Copyright (c) 2002 by W.W. Heinz                                         PAGE 5



SYMBOL				  TYPE     VALUE	LINE
------------------------------------------------------------
RESET				  CODE	    0000
RI				  BIT	      98
RS0				  BIT	      D3
RS1				  BIT	      D4
RXD				  BIT	      B0
SBUF				  DATA	      99
SCON				  DATA	      98
SEG7				  BIT	      96	   5
SINT				  CODE	    0023
SM0				  BIT	      9F
SM1				  BIT	      9E
SM2				  BIT	      9D
SP				  DATA	      81
SS				  NUMBER    0079	  11
START				  CODE	    0080	  30
T0				  BIT	      B4
T1				  BIT	      B5
TB8				  BIT	      9B
TCON				  DATA	      88
TEST				  BIT	      97	   3
TF0				  BIT	      8D
TF1				  BIT	      8F
TH0				  DATA	      8C
TH1				  DATA	      8D
TI				  BIT	      99
TIMER0				  CODE	    000B
TIMER1				  CODE	    001B
TL0				  DATA	      8A
TL1				  DATA	      8B
TMOD				  DATA	      89
TR0				  BIT	      8C
TR1				  BIT	      8E
TXD				  BIT	      B1
WR				  BIT	      B6
WZORY				  CODE	    0111	 135
ZEGAR				  NUMBER    007A	  10
